<?xml version="1.0" encoding="UTF-8"?>
<testsuite xmlns:xsi="http://www.w3.org/2001/XMLSchema-instance" xsi:noNamespaceSchemaLocation="https://maven.apache.org/surefire/maven-surefire-plugin/xsd/surefire-test-report.xsd" name="com.chat.utils.https.HttpRequestSenderTest" time="0" tests="2" errors="0" skipped="0" failures="0">
  <properties>
    <property name="sun.desktop" value="windows"/>
    <property name="awt.toolkit" value="sun.awt.windows.WToolkit"/>
    <property name="file.encoding.pkg" value="sun.io"/>
    <property name="java.specification.version" value="1.8"/>
    <property name="sun.cpu.isalist" value="amd64"/>
    <property name="sun.jnu.encoding" value="GBK"/>
    <property name="java.class.path" value="D:\myprojects\zhangmh\zhangminhang\chat\target\test-classes;D:\myprojects\zhangmh\zhangminhang\chat\target\classes;D:\software\maven\repository\org\springframework\boot\spring-boot-starter-thymeleaf\2.4.3\spring-boot-starter-thymeleaf-2.4.3.jar;D:\software\maven\repository\org\springframework\boot\spring-boot-starter\2.4.3\spring-boot-starter-2.4.3.jar;D:\software\maven\repository\org\springframework\boot\spring-boot-starter-logging\2.4.3\spring-boot-starter-logging-2.4.3.jar;D:\software\maven\repository\ch\qos\logback\logback-classic\1.2.3\logback-classic-1.2.3.jar;D:\software\maven\repository\ch\qos\logback\logback-core\1.2.3\logback-core-1.2.3.jar;D:\software\maven\repository\org\apache\logging\log4j\log4j-to-slf4j\2.13.3\log4j-to-slf4j-2.13.3.jar;D:\software\maven\repository\org\slf4j\jul-to-slf4j\1.7.30\jul-to-slf4j-1.7.30.jar;D:\software\maven\repository\jakarta\annotation\jakarta.annotation-api\1.3.5\jakarta.annotation-api-1.3.5.jar;D:\software\maven\repository\org\yaml\snakeyaml\1.27\snakeyaml-1.27.jar;D:\software\maven\repository\org\thymeleaf\thymeleaf-spring5\3.0.12.RELEASE\thymeleaf-spring5-3.0.12.RELEASE.jar;D:\software\maven\repository\org\thymeleaf\thymeleaf\3.0.12.RELEASE\thymeleaf-3.0.12.RELEASE.jar;D:\software\maven\repository\org\attoparser\attoparser\2.0.5.RELEASE\attoparser-2.0.5.RELEASE.jar;D:\software\maven\repository\org\unbescape\unbescape\1.1.6.RELEASE\unbescape-1.1.6.RELEASE.jar;D:\software\maven\repository\org\thymeleaf\extras\thymeleaf-extras-java8time\3.0.4.RELEASE\thymeleaf-extras-java8time-3.0.4.RELEASE.jar;D:\software\maven\repository\org\springframework\boot\spring-boot-starter-web\2.4.3\spring-boot-starter-web-2.4.3.jar;D:\software\maven\repository\org\springframework\boot\spring-boot-starter-json\2.4.3\spring-boot-starter-json-2.4.3.jar;D:\software\maven\repository\com\fasterxml\jackson\core\jackson-databind\2.11.4\jackson-databind-2.11.4.jar;D:\software\maven\repository\com\fasterxml\jackson\core\jackson-annotations\2.11.4\jackson-annotations-2.11.4.jar;D:\software\maven\repository\com\fasterxml\jackson\core\jackson-core\2.11.4\jackson-core-2.11.4.jar;D:\software\maven\repository\com\fasterxml\jackson\datatype\jackson-datatype-jdk8\2.11.4\jackson-datatype-jdk8-2.11.4.jar;D:\software\maven\repository\com\fasterxml\jackson\datatype\jackson-datatype-jsr310\2.11.4\jackson-datatype-jsr310-2.11.4.jar;D:\software\maven\repository\com\fasterxml\jackson\module\jackson-module-parameter-names\2.11.4\jackson-module-parameter-names-2.11.4.jar;D:\software\maven\repository\org\springframework\spring-web\5.3.4\spring-web-5.3.4.jar;D:\software\maven\repository\org\springframework\spring-beans\5.3.4\spring-beans-5.3.4.jar;D:\software\maven\repository\org\springframework\spring-webmvc\5.3.4\spring-webmvc-5.3.4.jar;D:\software\maven\repository\org\springframework\spring-aop\5.3.4\spring-aop-5.3.4.jar;D:\software\maven\repository\org\springframework\spring-context\5.3.4\spring-context-5.3.4.jar;D:\software\maven\repository\org\springframework\spring-expression\5.3.4\spring-expression-5.3.4.jar;D:\software\maven\repository\org\springframework\boot\spring-boot-starter-tomcat\1.2.4.RELEASE\spring-boot-starter-tomcat-1.2.4.RELEASE.jar;D:\software\maven\repository\org\apache\tomcat\embed\tomcat-embed-core\9.0.43\tomcat-embed-core-9.0.43.jar;D:\software\maven\repository\org\apache\tomcat\tomcat-annotations-api\9.0.43\tomcat-annotations-api-9.0.43.jar;D:\software\maven\repository\org\apache\tomcat\embed\tomcat-embed-el\9.0.43\tomcat-embed-el-9.0.43.jar;D:\software\maven\repository\org\apache\tomcat\embed\tomcat-embed-logging-juli\8.0.23\tomcat-embed-logging-juli-8.0.23.jar;D:\software\maven\repository\org\apache\tomcat\embed\tomcat-embed-websocket\9.0.43\tomcat-embed-websocket-9.0.43.jar;D:\software\maven\repository\javax\servlet\javax.servlet-api\3.1.0\javax.servlet-api-3.1.0.jar;D:\software\maven\repository\org\projectlombok\lombok\1.18.18\lombok-1.18.18.jar;D:\software\maven\repository\org\springframework\boot\spring-boot-starter-test\2.4.3\spring-boot-starter-test-2.4.3.jar;D:\software\maven\repository\org\springframework\boot\spring-boot-test\2.4.3\spring-boot-test-2.4.3.jar;D:\software\maven\repository\org\springframework\boot\spring-boot-test-autoconfigure\2.4.3\spring-boot-test-autoconfigure-2.4.3.jar;D:\software\maven\repository\com\jayway\jsonpath\json-path\2.4.0\json-path-2.4.0.jar;D:\software\maven\repository\net\minidev\json-smart\2.3\json-smart-2.3.jar;D:\software\maven\repository\net\minidev\accessors-smart\1.2\accessors-smart-1.2.jar;D:\software\maven\repository\org\ow2\asm\asm\5.0.4\asm-5.0.4.jar;D:\software\maven\repository\jakarta\xml\bind\jakarta.xml.bind-api\2.3.3\jakarta.xml.bind-api-2.3.3.jar;D:\software\maven\repository\jakarta\activation\jakarta.activation-api\1.2.2\jakarta.activation-api-1.2.2.jar;D:\software\maven\repository\org\assertj\assertj-core\3.18.1\assertj-core-3.18.1.jar;D:\software\maven\repository\org\hamcrest\hamcrest\2.2\hamcrest-2.2.jar;D:\software\maven\repository\org\junit\jupiter\junit-jupiter\5.7.1\junit-jupiter-5.7.1.jar;D:\software\maven\repository\org\junit\jupiter\junit-jupiter-api\5.7.1\junit-jupiter-api-5.7.1.jar;D:\software\maven\repository\org\apiguardian\apiguardian-api\1.1.0\apiguardian-api-1.1.0.jar;D:\software\maven\repository\org\opentest4j\opentest4j\1.2.0\opentest4j-1.2.0.jar;D:\software\maven\repository\org\junit\platform\junit-platform-commons\1.7.1\junit-platform-commons-1.7.1.jar;D:\software\maven\repository\org\junit\jupiter\junit-jupiter-params\5.7.1\junit-jupiter-params-5.7.1.jar;D:\software\maven\repository\org\junit\jupiter\junit-jupiter-engine\5.7.1\junit-jupiter-engine-5.7.1.jar;D:\software\maven\repository\org\junit\platform\junit-platform-engine\1.7.1\junit-platform-engine-1.7.1.jar;D:\software\maven\repository\org\mockito\mockito-core\3.6.28\mockito-core-3.6.28.jar;D:\software\maven\repository\net\bytebuddy\byte-buddy\1.10.20\byte-buddy-1.10.20.jar;D:\software\maven\repository\net\bytebuddy\byte-buddy-agent\1.10.20\byte-buddy-agent-1.10.20.jar;D:\software\maven\repository\org\objenesis\objenesis\3.1\objenesis-3.1.jar;D:\software\maven\repository\org\mockito\mockito-junit-jupiter\3.6.28\mockito-junit-jupiter-3.6.28.jar;D:\software\maven\repository\org\skyscreamer\jsonassert\1.5.0\jsonassert-1.5.0.jar;D:\software\maven\repository\com\vaadin\external\google\android-json\0.0.20131108.vaadin1\android-json-0.0.20131108.vaadin1.jar;D:\software\maven\repository\org\springframework\spring-core\5.3.4\spring-core-5.3.4.jar;D:\software\maven\repository\org\springframework\spring-jcl\5.3.4\spring-jcl-5.3.4.jar;D:\software\maven\repository\org\springframework\spring-test\5.3.4\spring-test-5.3.4.jar;D:\software\maven\repository\org\xmlunit\xmlunit-core\2.7.0\xmlunit-core-2.7.0.jar;D:\software\maven\repository\org\springframework\boot\spring-boot-devtools\2.4.3\spring-boot-devtools-2.4.3.jar;D:\software\maven\repository\org\springframework\boot\spring-boot\2.4.3\spring-boot-2.4.3.jar;D:\software\maven\repository\org\springframework\boot\spring-boot-autoconfigure\2.4.3\spring-boot-autoconfigure-2.4.3.jar;D:\software\maven\repository\commons-logging\commons-logging\1.2\commons-logging-1.2.jar;D:\software\maven\repository\org\apache\logging\log4j\log4j-api\2.0-beta9\log4j-api-2.0-beta9.jar;D:\software\maven\repository\org\apache\logging\log4j\log4j-core\2.0-beta9\log4j-core-2.0-beta9.jar;D:\software\maven\repository\org\slf4j\slf4j-log4j12\1.7.25\slf4j-log4j12-1.7.25.jar;D:\software\maven\repository\org\slf4j\slf4j-api\1.7.30\slf4j-api-1.7.30.jar;D:\software\maven\repository\log4j\log4j\1.2.17\log4j-1.2.17.jar;D:\software\maven\repository\commons-httpclient\commons-httpclient\3.1\commons-httpclient-3.1.jar;D:\software\maven\repository\commons-codec\commons-codec\1.15\commons-codec-1.15.jar;D:\software\maven\repository\com\alibaba\fastjson\1.2.58\fastjson-1.2.58.jar;D:\software\maven\repository\net\sf\json-lib\json-lib\2.4\json-lib-2.4-jdk15.jar;D:\software\maven\repository\commons-beanutils\commons-beanutils\1.8.0\commons-beanutils-1.8.0.jar;D:\software\maven\repository\commons-collections\commons-collections\3.2.1\commons-collections-3.2.1.jar;D:\software\maven\repository\commons-lang\commons-lang\2.5\commons-lang-2.5.jar;D:\software\maven\repository\net\sf\ezmorph\ezmorph\1.0.6\ezmorph-1.0.6.jar;"/>
    <property name="java.vm.vendor" value="Oracle Corporation"/>
    <property name="sun.arch.data.model" value="64"/>
    <property name="user.variant" value=""/>
    <property name="java.vendor.url" value="http://java.oracle.com/"/>
    <property name="user.timezone" value="Asia/Shanghai"/>
    <property name="java.vm.specification.version" value="1.8"/>
    <property name="os.name" value="Windows 10"/>
    <property name="user.country" value="CN"/>
    <property name="sun.java.launcher" value="SUN_STANDARD"/>
    <property name="sun.boot.library.path" value="D:\software\jdk\jre\bin"/>
    <property name="sun.java.command" value="C:\Users\zhangphh\AppData\Local\Temp\surefire3553573621763309631\surefirebooter8049736593620401572.jar C:\Users\zhangphh\AppData\Local\Temp\surefire3553573621763309631 2021-05-12T10-23-26_244-jvmRun1 surefire4584708859753519996tmp surefire_06853985314124431524tmp"/>
    <property name="surefire.test.class.path" value="D:\myprojects\zhangmh\zhangminhang\chat\target\test-classes;D:\myprojects\zhangmh\zhangminhang\chat\target\classes;D:\software\maven\repository\org\springframework\boot\spring-boot-starter-thymeleaf\2.4.3\spring-boot-starter-thymeleaf-2.4.3.jar;D:\software\maven\repository\org\springframework\boot\spring-boot-starter\2.4.3\spring-boot-starter-2.4.3.jar;D:\software\maven\repository\org\springframework\boot\spring-boot-starter-logging\2.4.3\spring-boot-starter-logging-2.4.3.jar;D:\software\maven\repository\ch\qos\logback\logback-classic\1.2.3\logback-classic-1.2.3.jar;D:\software\maven\repository\ch\qos\logback\logback-core\1.2.3\logback-core-1.2.3.jar;D:\software\maven\repository\org\apache\logging\log4j\log4j-to-slf4j\2.13.3\log4j-to-slf4j-2.13.3.jar;D:\software\maven\repository\org\slf4j\jul-to-slf4j\1.7.30\jul-to-slf4j-1.7.30.jar;D:\software\maven\repository\jakarta\annotation\jakarta.annotation-api\1.3.5\jakarta.annotation-api-1.3.5.jar;D:\software\maven\repository\org\yaml\snakeyaml\1.27\snakeyaml-1.27.jar;D:\software\maven\repository\org\thymeleaf\thymeleaf-spring5\3.0.12.RELEASE\thymeleaf-spring5-3.0.12.RELEASE.jar;D:\software\maven\repository\org\thymeleaf\thymeleaf\3.0.12.RELEASE\thymeleaf-3.0.12.RELEASE.jar;D:\software\maven\repository\org\attoparser\attoparser\2.0.5.RELEASE\attoparser-2.0.5.RELEASE.jar;D:\software\maven\repository\org\unbescape\unbescape\1.1.6.RELEASE\unbescape-1.1.6.RELEASE.jar;D:\software\maven\repository\org\thymeleaf\extras\thymeleaf-extras-java8time\3.0.4.RELEASE\thymeleaf-extras-java8time-3.0.4.RELEASE.jar;D:\software\maven\repository\org\springframework\boot\spring-boot-starter-web\2.4.3\spring-boot-starter-web-2.4.3.jar;D:\software\maven\repository\org\springframework\boot\spring-boot-starter-json\2.4.3\spring-boot-starter-json-2.4.3.jar;D:\software\maven\repository\com\fasterxml\jackson\core\jackson-databind\2.11.4\jackson-databind-2.11.4.jar;D:\software\maven\repository\com\fasterxml\jackson\core\jackson-annotations\2.11.4\jackson-annotations-2.11.4.jar;D:\software\maven\repository\com\fasterxml\jackson\core\jackson-core\2.11.4\jackson-core-2.11.4.jar;D:\software\maven\repository\com\fasterxml\jackson\datatype\jackson-datatype-jdk8\2.11.4\jackson-datatype-jdk8-2.11.4.jar;D:\software\maven\repository\com\fasterxml\jackson\datatype\jackson-datatype-jsr310\2.11.4\jackson-datatype-jsr310-2.11.4.jar;D:\software\maven\repository\com\fasterxml\jackson\module\jackson-module-parameter-names\2.11.4\jackson-module-parameter-names-2.11.4.jar;D:\software\maven\repository\org\springframework\spring-web\5.3.4\spring-web-5.3.4.jar;D:\software\maven\repository\org\springframework\spring-beans\5.3.4\spring-beans-5.3.4.jar;D:\software\maven\repository\org\springframework\spring-webmvc\5.3.4\spring-webmvc-5.3.4.jar;D:\software\maven\repository\org\springframework\spring-aop\5.3.4\spring-aop-5.3.4.jar;D:\software\maven\repository\org\springframework\spring-context\5.3.4\spring-context-5.3.4.jar;D:\software\maven\repository\org\springframework\spring-expression\5.3.4\spring-expression-5.3.4.jar;D:\software\maven\repository\org\springframework\boot\spring-boot-starter-tomcat\1.2.4.RELEASE\spring-boot-starter-tomcat-1.2.4.RELEASE.jar;D:\software\maven\repository\org\apache\tomcat\embed\tomcat-embed-core\9.0.43\tomcat-embed-core-9.0.43.jar;D:\software\maven\repository\org\apache\tomcat\tomcat-annotations-api\9.0.43\tomcat-annotations-api-9.0.43.jar;D:\software\maven\repository\org\apache\tomcat\embed\tomcat-embed-el\9.0.43\tomcat-embed-el-9.0.43.jar;D:\software\maven\repository\org\apache\tomcat\embed\tomcat-embed-logging-juli\8.0.23\tomcat-embed-logging-juli-8.0.23.jar;D:\software\maven\repository\org\apache\tomcat\embed\tomcat-embed-websocket\9.0.43\tomcat-embed-websocket-9.0.43.jar;D:\software\maven\repository\javax\servlet\javax.servlet-api\3.1.0\javax.servlet-api-3.1.0.jar;D:\software\maven\repository\org\projectlombok\lombok\1.18.18\lombok-1.18.18.jar;D:\software\maven\repository\org\springframework\boot\spring-boot-starter-test\2.4.3\spring-boot-starter-test-2.4.3.jar;D:\software\maven\repository\org\springframework\boot\spring-boot-test\2.4.3\spring-boot-test-2.4.3.jar;D:\software\maven\repository\org\springframework\boot\spring-boot-test-autoconfigure\2.4.3\spring-boot-test-autoconfigure-2.4.3.jar;D:\software\maven\repository\com\jayway\jsonpath\json-path\2.4.0\json-path-2.4.0.jar;D:\software\maven\repository\net\minidev\json-smart\2.3\json-smart-2.3.jar;D:\software\maven\repository\net\minidev\accessors-smart\1.2\accessors-smart-1.2.jar;D:\software\maven\repository\org\ow2\asm\asm\5.0.4\asm-5.0.4.jar;D:\software\maven\repository\jakarta\xml\bind\jakarta.xml.bind-api\2.3.3\jakarta.xml.bind-api-2.3.3.jar;D:\software\maven\repository\jakarta\activation\jakarta.activation-api\1.2.2\jakarta.activation-api-1.2.2.jar;D:\software\maven\repository\org\assertj\assertj-core\3.18.1\assertj-core-3.18.1.jar;D:\software\maven\repository\org\hamcrest\hamcrest\2.2\hamcrest-2.2.jar;D:\software\maven\repository\org\junit\jupiter\junit-jupiter\5.7.1\junit-jupiter-5.7.1.jar;D:\software\maven\repository\org\junit\jupiter\junit-jupiter-api\5.7.1\junit-jupiter-api-5.7.1.jar;D:\software\maven\repository\org\apiguardian\apiguardian-api\1.1.0\apiguardian-api-1.1.0.jar;D:\software\maven\repository\org\opentest4j\opentest4j\1.2.0\opentest4j-1.2.0.jar;D:\software\maven\repository\org\junit\platform\junit-platform-commons\1.7.1\junit-platform-commons-1.7.1.jar;D:\software\maven\repository\org\junit\jupiter\junit-jupiter-params\5.7.1\junit-jupiter-params-5.7.1.jar;D:\software\maven\repository\org\junit\jupiter\junit-jupiter-engine\5.7.1\junit-jupiter-engine-5.7.1.jar;D:\software\maven\repository\org\junit\platform\junit-platform-engine\1.7.1\junit-platform-engine-1.7.1.jar;D:\software\maven\repository\org\mockito\mockito-core\3.6.28\mockito-core-3.6.28.jar;D:\software\maven\repository\net\bytebuddy\byte-buddy\1.10.20\byte-buddy-1.10.20.jar;D:\software\maven\repository\net\bytebuddy\byte-buddy-agent\1.10.20\byte-buddy-agent-1.10.20.jar;D:\software\maven\repository\org\objenesis\objenesis\3.1\objenesis-3.1.jar;D:\software\maven\repository\org\mockito\mockito-junit-jupiter\3.6.28\mockito-junit-jupiter-3.6.28.jar;D:\software\maven\repository\org\skyscreamer\jsonassert\1.5.0\jsonassert-1.5.0.jar;D:\software\maven\repository\com\vaadin\external\google\android-json\0.0.20131108.vaadin1\android-json-0.0.20131108.vaadin1.jar;D:\software\maven\repository\org\springframework\spring-core\5.3.4\spring-core-5.3.4.jar;D:\software\maven\repository\org\springframework\spring-jcl\5.3.4\spring-jcl-5.3.4.jar;D:\software\maven\repository\org\springframework\spring-test\5.3.4\spring-test-5.3.4.jar;D:\software\maven\repository\org\xmlunit\xmlunit-core\2.7.0\xmlunit-core-2.7.0.jar;D:\software\maven\repository\org\springframework\boot\spring-boot-devtools\2.4.3\spring-boot-devtools-2.4.3.jar;D:\software\maven\repository\org\springframework\boot\spring-boot\2.4.3\spring-boot-2.4.3.jar;D:\software\maven\repository\org\springframework\boot\spring-boot-autoconfigure\2.4.3\spring-boot-autoconfigure-2.4.3.jar;D:\software\maven\repository\commons-logging\commons-logging\1.2\commons-logging-1.2.jar;D:\software\maven\repository\org\apache\logging\log4j\log4j-api\2.0-beta9\log4j-api-2.0-beta9.jar;D:\software\maven\repository\org\apache\logging\log4j\log4j-core\2.0-beta9\log4j-core-2.0-beta9.jar;D:\software\maven\repository\org\slf4j\slf4j-log4j12\1.7.25\slf4j-log4j12-1.7.25.jar;D:\software\maven\repository\org\slf4j\slf4j-api\1.7.30\slf4j-api-1.7.30.jar;D:\software\maven\repository\log4j\log4j\1.2.17\log4j-1.2.17.jar;D:\software\maven\repository\commons-httpclient\commons-httpclient\3.1\commons-httpclient-3.1.jar;D:\software\maven\repository\commons-codec\commons-codec\1.15\commons-codec-1.15.jar;D:\software\maven\repository\com\alibaba\fastjson\1.2.58\fastjson-1.2.58.jar;D:\software\maven\repository\net\sf\json-lib\json-lib\2.4\json-lib-2.4-jdk15.jar;D:\software\maven\repository\commons-beanutils\commons-beanutils\1.8.0\commons-beanutils-1.8.0.jar;D:\software\maven\repository\commons-collections\commons-collections\3.2.1\commons-collections-3.2.1.jar;D:\software\maven\repository\commons-lang\commons-lang\2.5\commons-lang-2.5.jar;D:\software\maven\repository\net\sf\ezmorph\ezmorph\1.0.6\ezmorph-1.0.6.jar;"/>
    <property name="sun.cpu.endian" value="little"/>
    <property name="user.home" value="C:\Users\zhangphh"/>
    <property name="user.language" value="zh"/>
    <property name="java.specification.vendor" value="Oracle Corporation"/>
    <property name="java.home" value="D:\software\jdk\jre"/>
    <property name="basedir" value="D:\myprojects\zhangmh\zhangminhang\chat"/>
    <property name="file.separator" value="\"/>
    <property name="line.separator" value="&#10;"/>
    <property name="java.vm.specification.vendor" value="Oracle Corporation"/>
    <property name="java.specification.name" value="Java Platform API Specification"/>
    <property name="java.awt.graphicsenv" value="sun.awt.Win32GraphicsEnvironment"/>
    <property name="surefire.real.class.path" value="C:\Users\zhangphh\AppData\Local\Temp\surefire3553573621763309631\surefirebooter8049736593620401572.jar"/>
    <property name="sun.boot.class.path" value="D:\software\jdk\jre\lib\resources.jar;D:\software\jdk\jre\lib\rt.jar;D:\software\jdk\jre\lib\sunrsasign.jar;D:\software\jdk\jre\lib\jsse.jar;D:\software\jdk\jre\lib\jce.jar;D:\software\jdk\jre\lib\charsets.jar;D:\software\jdk\jre\lib\jfr.jar;D:\software\jdk\jre\classes"/>
    <property name="user.script" value=""/>
    <property name="sun.management.compiler" value="HotSpot 64-Bit Tiered Compilers"/>
    <property name="java.runtime.version" value="1.8.0_92-b14"/>
    <property name="user.name" value="zhangphh"/>
    <property name="path.separator" value=";"/>
    <property name="os.version" value="10.0"/>
    <property name="java.endorsed.dirs" value="D:\software\jdk\jre\lib\endorsed"/>
    <property name="java.runtime.name" value="Java(TM) SE Runtime Environment"/>
    <property name="file.encoding" value="GBK"/>
    <property name="java.vm.name" value="Java HotSpot(TM) 64-Bit Server VM"/>
    <property name="localRepository" value="D:\software\maven\repository"/>
    <property name="java.vendor.url.bug" value="http://bugreport.sun.com/bugreport/"/>
    <property name="java.io.tmpdir" value="C:\Users\zhangphh\AppData\Local\Temp\"/>
    <property name="idea.version" value="2018.2.8"/>
    <property name="java.version" value="1.8.0_92"/>
    <property name="user.dir" value="D:\myprojects\zhangmh\zhangminhang\chat"/>
    <property name="os.arch" value="amd64"/>
    <property name="java.vm.specification.name" value="Java Virtual Machine Specification"/>
    <property name="java.awt.printerjob" value="sun.awt.windows.WPrinterJob"/>
    <property name="sun.os.patch.level" value=""/>
    <property name="java.library.path" value="D:\software\jdk\jre\bin;C:\WINDOWS\Sun\Java\bin;C:\WINDOWS\system32;C:\WINDOWS;C:\ProgramData\Oracle\Java\javapath;C:\Windows\system32;C:\Windows;C:\Windows\System32\Wbem;C:\Windows\System32\WindowsPowerShell\v1.0\;C:\Windows\System32\OpenSSH\;C:\Program Files (x86)\NVIDIA Corporation\PhysX\Common;C:\Program Files\NVIDIA Corporation\NVIDIA NvDLISR;D:\software\jdk\bin;D:\software\tomcat9\apache-tomcat-9.0.36\lib;D:\software\maven\apache-maven-3.6.1\bin;D:\software\mysql\mysql-5.7.23\bin;D:\software\git\Git\cmd;D:\software\rabbitmq\rabbitmq\rabbitmq_server-3.8.5\sbin;D:\software\rabbitmq\erlang\erl10.4\bin;C:\WINDOWS\System32\Wbem;D:\software\node\;D:\python\python;D:\python\python\Scripts;C:\Program Files (x86)\Windows Kits\8.1\Windows Performance Toolkit\;C:\Program Files (x86)\Google\Chrome\Application;D:\GraphViz\bin;D:\software\node\node_global;;C:\WINDOWS\system32;C:\WINDOWS;C:\WINDOWS\System32\WindowsPowerShell\v1.0\;C:\WINDOWS\System32\OpenSSH\;D:\software\xshell\;C:\Users\zhangphh\AppData\Local\Microsoft\WindowsApps;;D:\software\vscode\Microsoft VS Code\bin;C:\Windows\System32\Wbem;D:\software\yasuo\;C:\Users\zhangphh\AppData\Roaming\npm;D:\software\Fiddler;%USERPROFILE%\AppData\Local\Microsoft\WindowsApps;."/>
    <property name="java.vm.info" value="mixed mode"/>
    <property name="java.vendor" value="Oracle Corporation"/>
    <property name="java.vm.version" value="25.92-b14"/>
    <property name="java.ext.dirs" value="D:\software\jdk\jre\lib\ext;C:\WINDOWS\Sun\Java\lib\ext"/>
    <property name="sun.io.unicode.encoding" value="UnicodeLittle"/>
    <property name="java.class.version" value="52.0"/>
  </properties>
  <testcase name="sendGetReuqest" classname="com.chat.utils.https.HttpRequestSenderTest" time="0"/>
  <testcase name="sendPost" classname="com.chat.utils.https.HttpRequestSenderTest" time="0"/>
</testsuite>